INFO [2026-04-10 11:26:03] $x
INFO [2026-04-10 11:26:03] venn_list
INFO [2026-04-10 11:26:03] 
INFO [2026-04-10 11:26:03] $filename
INFO [2026-04-10 11:26:03] NULL
INFO [2026-04-10 11:26:03] 
INFO [2026-04-10 11:26:03] $fill
INFO [2026-04-10 11:26:03] c("#FF6666", "#FFFF00", "#993366")
INFO [2026-04-10 11:26:03] 
INFO [2026-04-10 11:26:03] $alpha
INFO [2026-04-10 11:26:03] [1] 0.5
INFO [2026-04-10 11:26:03] 
INFO [2026-04-10 11:26:03] $cex
INFO [2026-04-10 11:26:03] [1] 1.5
INFO [2026-04-10 11:26:03] 
INFO [2026-04-10 11:26:03] $cat.cex
INFO [2026-04-10 11:26:03] [1] 1.5
INFO [2026-04-10 11:26:03] 
INFO [2026-04-10 11:26:03] $main
INFO [2026-04-10 11:26:03] main_title
INFO [2026-04-10 11:26:03] 
