INFO [2026-04-10 11:36:04] $x
INFO [2026-04-10 11:36:04] venn_list
INFO [2026-04-10 11:36:04] 
INFO [2026-04-10 11:36:04] $filename
INFO [2026-04-10 11:36:04] NULL
INFO [2026-04-10 11:36:04] 
INFO [2026-04-10 11:36:04] $fill
INFO [2026-04-10 11:36:04] c("#FF6666", "#FFFF00", "#993366")
INFO [2026-04-10 11:36:04] 
INFO [2026-04-10 11:36:04] $alpha
INFO [2026-04-10 11:36:04] [1] 0.5
INFO [2026-04-10 11:36:04] 
INFO [2026-04-10 11:36:04] $cex
INFO [2026-04-10 11:36:04] [1] 1.5
INFO [2026-04-10 11:36:04] 
INFO [2026-04-10 11:36:04] $cat.cex
INFO [2026-04-10 11:36:04] [1] 1.5
INFO [2026-04-10 11:36:04] 
INFO [2026-04-10 11:36:04] $main
INFO [2026-04-10 11:36:04] main_title
INFO [2026-04-10 11:36:04] 
