INFO [2026-04-10 11:36:08] $x
INFO [2026-04-10 11:36:08] venn_list
INFO [2026-04-10 11:36:08] 
INFO [2026-04-10 11:36:08] $filename
INFO [2026-04-10 11:36:08] NULL
INFO [2026-04-10 11:36:08] 
INFO [2026-04-10 11:36:08] $fill
INFO [2026-04-10 11:36:08] c("#FF6666", "#FFFF00", "#993366")
INFO [2026-04-10 11:36:08] 
INFO [2026-04-10 11:36:08] $alpha
INFO [2026-04-10 11:36:08] [1] 0.5
INFO [2026-04-10 11:36:08] 
INFO [2026-04-10 11:36:08] $cex
INFO [2026-04-10 11:36:08] [1] 1.5
INFO [2026-04-10 11:36:08] 
INFO [2026-04-10 11:36:08] $cat.cex
INFO [2026-04-10 11:36:08] [1] 1.5
INFO [2026-04-10 11:36:08] 
INFO [2026-04-10 11:36:08] $main
INFO [2026-04-10 11:36:08] main_title
INFO [2026-04-10 11:36:08] 
