INFO [2026-04-10 11:35:55] $x
INFO [2026-04-10 11:35:55] venn_list
INFO [2026-04-10 11:35:55] 
INFO [2026-04-10 11:35:55] $filename
INFO [2026-04-10 11:35:55] NULL
INFO [2026-04-10 11:35:55] 
INFO [2026-04-10 11:35:55] $fill
INFO [2026-04-10 11:35:55] c("#FF6666", "#FFFF00", "#993366")
INFO [2026-04-10 11:35:55] 
INFO [2026-04-10 11:35:55] $alpha
INFO [2026-04-10 11:35:55] [1] 0.5
INFO [2026-04-10 11:35:55] 
INFO [2026-04-10 11:35:55] $cex
INFO [2026-04-10 11:35:55] [1] 1.5
INFO [2026-04-10 11:35:55] 
INFO [2026-04-10 11:35:55] $cat.cex
INFO [2026-04-10 11:35:55] [1] 1.5
INFO [2026-04-10 11:35:55] 
INFO [2026-04-10 11:35:55] $main
INFO [2026-04-10 11:35:55] main_title
INFO [2026-04-10 11:35:55] 
