INFO [2026-04-10 12:03:22] $x
INFO [2026-04-10 12:03:22] venn_list
INFO [2026-04-10 12:03:22] 
INFO [2026-04-10 12:03:22] $filename
INFO [2026-04-10 12:03:22] NULL
INFO [2026-04-10 12:03:22] 
INFO [2026-04-10 12:03:22] $fill
INFO [2026-04-10 12:03:22] c("#FF6666", "#FFFF00", "#993366")
INFO [2026-04-10 12:03:22] 
INFO [2026-04-10 12:03:22] $alpha
INFO [2026-04-10 12:03:22] [1] 0.5
INFO [2026-04-10 12:03:22] 
INFO [2026-04-10 12:03:22] $cex
INFO [2026-04-10 12:03:22] [1] 1.5
INFO [2026-04-10 12:03:22] 
INFO [2026-04-10 12:03:22] $cat.cex
INFO [2026-04-10 12:03:22] [1] 1.5
INFO [2026-04-10 12:03:22] 
INFO [2026-04-10 12:03:22] $main
INFO [2026-04-10 12:03:22] main_title
INFO [2026-04-10 12:03:22] 
