INFO [2026-04-10 12:03:17] $x
INFO [2026-04-10 12:03:17] venn_list
INFO [2026-04-10 12:03:17] 
INFO [2026-04-10 12:03:17] $filename
INFO [2026-04-10 12:03:17] NULL
INFO [2026-04-10 12:03:17] 
INFO [2026-04-10 12:03:17] $fill
INFO [2026-04-10 12:03:17] c("#FF6666", "#FFFF00", "#993366")
INFO [2026-04-10 12:03:17] 
INFO [2026-04-10 12:03:17] $alpha
INFO [2026-04-10 12:03:17] [1] 0.5
INFO [2026-04-10 12:03:17] 
INFO [2026-04-10 12:03:17] $cex
INFO [2026-04-10 12:03:17] [1] 1.5
INFO [2026-04-10 12:03:17] 
INFO [2026-04-10 12:03:17] $cat.cex
INFO [2026-04-10 12:03:17] [1] 1.5
INFO [2026-04-10 12:03:17] 
INFO [2026-04-10 12:03:17] $main
INFO [2026-04-10 12:03:17] main_title
INFO [2026-04-10 12:03:17] 
