INFO [2026-04-10 11:20:31] $x
INFO [2026-04-10 11:20:31] venn_list
INFO [2026-04-10 11:20:31] 
INFO [2026-04-10 11:20:31] $filename
INFO [2026-04-10 11:20:31] NULL
INFO [2026-04-10 11:20:31] 
INFO [2026-04-10 11:20:31] $fill
INFO [2026-04-10 11:20:31] c("#FF6666", "#FFFF00", "#993366")
INFO [2026-04-10 11:20:31] 
INFO [2026-04-10 11:20:31] $alpha
INFO [2026-04-10 11:20:31] [1] 0.5
INFO [2026-04-10 11:20:31] 
INFO [2026-04-10 11:20:31] $cex
INFO [2026-04-10 11:20:31] [1] 1.5
INFO [2026-04-10 11:20:31] 
INFO [2026-04-10 11:20:31] $cat.cex
INFO [2026-04-10 11:20:31] [1] 1.5
INFO [2026-04-10 11:20:31] 
INFO [2026-04-10 11:20:31] $main
INFO [2026-04-10 11:20:31] main_title
INFO [2026-04-10 11:20:31] 
