INFO [2026-04-10 12:03:21] $x
INFO [2026-04-10 12:03:21] venn_list
INFO [2026-04-10 12:03:21] 
INFO [2026-04-10 12:03:21] $filename
INFO [2026-04-10 12:03:21] NULL
INFO [2026-04-10 12:03:21] 
INFO [2026-04-10 12:03:21] $fill
INFO [2026-04-10 12:03:21] c("#FF6666", "#FFFF00", "#993366")
INFO [2026-04-10 12:03:21] 
INFO [2026-04-10 12:03:21] $alpha
INFO [2026-04-10 12:03:21] [1] 0.5
INFO [2026-04-10 12:03:21] 
INFO [2026-04-10 12:03:21] $cex
INFO [2026-04-10 12:03:21] [1] 1.5
INFO [2026-04-10 12:03:21] 
INFO [2026-04-10 12:03:21] $cat.cex
INFO [2026-04-10 12:03:21] [1] 1.5
INFO [2026-04-10 12:03:21] 
INFO [2026-04-10 12:03:21] $main
INFO [2026-04-10 12:03:21] main_title
INFO [2026-04-10 12:03:21] 
