INFO [2026-04-10 12:03:19] $x
INFO [2026-04-10 12:03:19] venn_list
INFO [2026-04-10 12:03:19] 
INFO [2026-04-10 12:03:19] $filename
INFO [2026-04-10 12:03:19] NULL
INFO [2026-04-10 12:03:19] 
INFO [2026-04-10 12:03:19] $fill
INFO [2026-04-10 12:03:19] c("#FF6666", "#FFFF00", "#993366")
INFO [2026-04-10 12:03:19] 
INFO [2026-04-10 12:03:19] $alpha
INFO [2026-04-10 12:03:19] [1] 0.5
INFO [2026-04-10 12:03:19] 
INFO [2026-04-10 12:03:19] $cex
INFO [2026-04-10 12:03:19] [1] 1.5
INFO [2026-04-10 12:03:19] 
INFO [2026-04-10 12:03:19] $cat.cex
INFO [2026-04-10 12:03:19] [1] 1.5
INFO [2026-04-10 12:03:19] 
INFO [2026-04-10 12:03:19] $main
INFO [2026-04-10 12:03:19] main_title
INFO [2026-04-10 12:03:19] 
