INFO [2026-04-10 11:35:58] $x
INFO [2026-04-10 11:35:58] venn_list
INFO [2026-04-10 11:35:58] 
INFO [2026-04-10 11:35:58] $filename
INFO [2026-04-10 11:35:58] NULL
INFO [2026-04-10 11:35:58] 
INFO [2026-04-10 11:35:58] $fill
INFO [2026-04-10 11:35:58] c("#FF6666", "#FFFF00", "#993366")
INFO [2026-04-10 11:35:58] 
INFO [2026-04-10 11:35:58] $alpha
INFO [2026-04-10 11:35:58] [1] 0.5
INFO [2026-04-10 11:35:58] 
INFO [2026-04-10 11:35:58] $cex
INFO [2026-04-10 11:35:58] [1] 1.5
INFO [2026-04-10 11:35:58] 
INFO [2026-04-10 11:35:58] $cat.cex
INFO [2026-04-10 11:35:58] [1] 1.5
INFO [2026-04-10 11:35:58] 
INFO [2026-04-10 11:35:58] $main
INFO [2026-04-10 11:35:58] main_title
INFO [2026-04-10 11:35:58] 
ERROR [2026-04-10 11:35:58] NAs in dataset
